
> yoonstock-web@1.0.0 migrate
> node scripts/migrate-to-supabase.js

🚀 YoonStock 데이터 마이그레이션 시작

📂 소스 폴더: C:\alexDB\results
📦 총 61개 파일 발견


📁 처리 중: stock_2025-07-09.xlsx (2025-07-09)
  📊 발견된 연도: 2024, 2025, 2026, 2027
  🔄 처리 중: 1-50/1000
(node:38336) [DEP0040] DeprecationWarning: The `punycode` module is deprecated. Please use a userland alternative instead.
(Use `node --trace-deprecation ...` to show where the warning was created)
  🔄 처리 중: 51-100/1000
  🔄 처리 중: 101-150/1000
  🔄 처리 중: 151-200/1000
  🔄 처리 중: 201-250/1000
  🔄 처리 중: 251-300/1000
  🔄 처리 중: 301-350/1000
  🔄 처리 중: 351-400/1000
  🔄 처리 중: 401-450/1000
  🔄 처리 중: 451-500/1000
  🔄 처리 중: 501-550/1000
  🔄 처리 중: 551-600/1000
  🔄 처리 중: 601-650/1000
  🔄 처리 중: 651-700/1000
  🔄 처리 중: 701-750/1000
  🔄 처리 중: 751-800/1000
  🔄 처리 중: 801-850/1000
  🔄 처리 중: 851-900/1000
  🔄 처리 중: 901-950/1000
  🔄 처리 중: 951-1000/1000
  ✅ 완료: 성공 1000개, 실패 0개

📁 처리 중: stock_2025-07-10.xlsx (2025-07-10)
  📊 발견된 연도: 2024, 2025, 2026, 2027
  🔄 처리 중: 1-50/1000
  🔄 처리 중: 51-100/1000
  🔄 처리 중: 101-150/1000
  🔄 처리 중: 151-200/1000
  🔄 처리 중: 201-250/1000
  🔄 처리 중: 251-300/1000
  🔄 처리 중: 301-350/1000
  🔄 처리 중: 351-400/1000
  🔄 처리 중: 401-450/1000
  🔄 처리 중: 451-500/1000
  🔄 처리 중: 501-550/1000
  🔄 처리 중: 551-600/1000
  🔄 처리 중: 601-650/1000
  🔄 처리 중: 651-700/1000
  🔄 처리 중: 701-750/1000
  🔄 처리 중: 751-800/1000
  🔄 처리 중: 801-850/1000
  🔄 처리 중: 851-900/1000
  🔄 처리 중: 901-950/1000
  🔄 처리 중: 951-1000/1000
  ✅ 완료: 성공 1000개, 실패 0개

📁 처리 중: stock_2025-07-11.xlsx (2025-07-11)
  📊 발견된 연도: 2024, 2025, 2026, 2027
  🔄 처리 중: 1-50/1000
  🔄 처리 중: 51-100/1000
  🔄 처리 중: 101-150/1000
  🔄 처리 중: 151-200/1000
  🔄 처리 중: 201-250/1000
  🔄 처리 중: 251-300/1000
  🔄 처리 중: 301-350/1000
  🔄 처리 중: 351-400/1000
  🔄 처리 중: 401-450/1000
  🔄 처리 중: 451-500/1000
  🔄 처리 중: 501-550/1000
  🔄 처리 중: 551-600/1000
  🔄 처리 중: 601-650/1000
  🔄 처리 중: 651-700/1000
  🔄 처리 중: 701-750/1000
  🔄 처리 중: 751-800/1000
  🔄 처리 중: 801-850/1000
  🔄 처리 중: 851-900/1000
  🔄 처리 중: 901-950/1000
  🔄 처리 중: 951-1000/1000
  ✅ 완료: 성공 1000개, 실패 0개

📁 처리 중: stock_2025-07-14.xlsx (2025-07-14)
  📊 발견된 연도: 2024, 2025, 2026, 2027
  🔄 처리 중: 1-50/1000
  🔄 처리 중: 51-100/1000
  🔄 처리 중: 101-150/1000
  🔄 처리 중: 151-200/1000
  🔄 처리 중: 201-250/1000
  🔄 처리 중: 251-300/1000
  🔄 처리 중: 301-350/1000
  🔄 처리 중: 351-400/1000
  🔄 처리 중: 401-450/1000
  🔄 처리 중: 451-500/1000
  🔄 처리 중: 501-550/1000
  🔄 처리 중: 551-600/1000
  🔄 처리 중: 601-650/1000
  🔄 처리 중: 651-700/1000
  🔄 처리 중: 701-750/1000
  🔄 처리 중: 751-800/1000
  🔄 처리 중: 801-850/1000
  🔄 처리 중: 851-900/1000
  🔄 처리 중: 901-950/1000
  🔄 처리 중: 951-1000/1000
  ✅ 완료: 성공 1000개, 실패 0개

📁 처리 중: stock_2025-07-15.xlsx (2025-07-15)
  📊 발견된 연도: 2024, 2025, 2026, 2027
  🔄 처리 중: 1-50/1000
  🔄 처리 중: 51-100/1000
  🔄 처리 중: 101-150/1000
  🔄 처리 중: 151-200/1000
  🔄 처리 중: 201-250/1000
  🔄 처리 중: 251-300/1000
  🔄 처리 중: 301-350/1000
  🔄 처리 중: 351-400/1000
  🔄 처리 중: 401-450/1000
  🔄 처리 중: 451-500/1000
  🔄 처리 중: 501-550/1000
  🔄 처리 중: 551-600/1000
  🔄 처리 중: 601-650/1000
  🔄 처리 중: 651-700/1000
  🔄 처리 중: 701-750/1000
  🔄 처리 중: 751-800/1000
  🔄 처리 중: 801-850/1000
  🔄 처리 중: 851-900/1000
  🔄 처리 중: 901-950/1000
  🔄 처리 중: 951-1000/1000
  ✅ 완료: 성공 1000개, 실패 0개

📁 처리 중: stock_2025-07-16.xlsx (2025-07-16)
  📊 발견된 연도: 2024, 2025, 2026, 2027
  🔄 처리 중: 1-50/1000
  🔄 처리 중: 51-100/1000
  🔄 처리 중: 101-150/1000
  🔄 처리 중: 151-200/1000
  🔄 처리 중: 201-250/1000
  🔄 처리 중: 251-300/1000
  🔄 처리 중: 301-350/1000
  🔄 처리 중: 351-400/1000
  🔄 처리 중: 401-450/1000
  🔄 처리 중: 451-500/1000
  🔄 처리 중: 501-550/1000
  🔄 처리 중: 551-600/1000
  🔄 처리 중: 601-650/1000
  🔄 처리 중: 651-700/1000
  🔄 처리 중: 701-750/1000
  🔄 처리 중: 751-800/1000
  🔄 처리 중: 801-850/1000
  🔄 처리 중: 851-900/1000
  🔄 처리 중: 901-950/1000
  🔄 처리 중: 951-1000/1000
  ✅ 완료: 성공 1000개, 실패 0개

📁 처리 중: stock_2025-07-17.xlsx (2025-07-17)
  📊 발견된 연도: 2024, 2025, 2026, 2027
  🔄 처리 중: 1-50/1000
  🔄 처리 중: 51-100/1000
  🔄 처리 중: 101-150/1000
  🔄 처리 중: 151-200/1000
  🔄 처리 중: 201-250/1000
  🔄 처리 중: 251-300/1000
  🔄 처리 중: 301-350/1000
  🔄 처리 중: 351-400/1000
  🔄 처리 중: 401-450/1000
  🔄 처리 중: 451-500/1000
  🔄 처리 중: 501-550/1000
  🔄 처리 중: 551-600/1000
  🔄 처리 중: 601-650/1000
  🔄 처리 중: 651-700/1000
  🔄 처리 중: 701-750/1000
  🔄 처리 중: 751-800/1000
  🔄 처리 중: 801-850/1000
  🔄 처리 중: 851-900/1000
  🔄 처리 중: 901-950/1000
  🔄 처리 중: 951-1000/1000
  ✅ 완료: 성공 1000개, 실패 0개

📁 처리 중: stock_2025-07-18.xlsx (2025-07-18)
  📊 발견된 연도: 2024, 2025, 2026, 2027
  🔄 처리 중: 1-50/1000
  🔄 처리 중: 51-100/1000
  🔄 처리 중: 101-150/1000
  🔄 처리 중: 151-200/1000
  🔄 처리 중: 201-250/1000
  🔄 처리 중: 251-300/1000
  🔄 처리 중: 301-350/1000
  🔄 처리 중: 351-400/1000
  🔄 처리 중: 401-450/1000
  🔄 처리 중: 451-500/1000
  🔄 처리 중: 501-550/1000
  🔄 처리 중: 551-600/1000
  🔄 처리 중: 601-650/1000
  🔄 처리 중: 651-700/1000
  🔄 처리 중: 701-750/1000
  🔄 처리 중: 751-800/1000
  🔄 처리 중: 801-850/1000
  🔄 처리 중: 851-900/1000
  🔄 처리 중: 901-950/1000
  🔄 처리 중: 951-1000/1000
  ✅ 완료: 성공 1000개, 실패 0개

📁 처리 중: stock_2025-07-21.xlsx (2025-07-21)
  📊 발견된 연도: 2024, 2025, 2026, 2027
  🔄 처리 중: 1-50/1000
  🔄 처리 중: 51-100/1000
  🔄 처리 중: 101-150/1000
  🔄 처리 중: 151-200/1000
  🔄 처리 중: 201-250/1000
  🔄 처리 중: 251-300/1000
  🔄 처리 중: 301-350/1000
  🔄 처리 중: 351-400/1000
  🔄 처리 중: 401-450/1000
  🔄 처리 중: 451-500/1000
  🔄 처리 중: 501-550/1000
  🔄 처리 중: 551-600/1000
  🔄 처리 중: 601-650/1000
  🔄 처리 중: 651-700/1000
  🔄 처리 중: 701-750/1000
  🔄 처리 중: 751-800/1000
  🔄 처리 중: 801-850/1000
  🔄 처리 중: 851-900/1000
  🔄 처리 중: 901-950/1000
  🔄 처리 중: 951-1000/1000
  ✅ 완료: 성공 1000개, 실패 0개

📁 처리 중: stock_2025-07-22.xlsx (2025-07-22)
  📊 발견된 연도: 2024, 2025, 2026, 2027
  🔄 처리 중: 1-50/1000
  🔄 처리 중: 51-100/1000
  🔄 처리 중: 101-150/1000
  🔄 처리 중: 151-200/1000
  🔄 처리 중: 201-250/1000
  🔄 처리 중: 251-300/1000
  🔄 처리 중: 301-350/1000
  🔄 처리 중: 351-400/1000
  🔄 처리 중: 401-450/1000
  🔄 처리 중: 451-500/1000
  🔄 처리 중: 501-550/1000
  🔄 처리 중: 551-600/1000
  🔄 처리 중: 601-650/1000
  🔄 처리 중: 651-700/1000
  🔄 처리 중: 701-750/1000
  🔄 처리 중: 751-800/1000
  🔄 처리 중: 801-850/1000
  🔄 처리 중: 851-900/1000
  🔄 처리 중: 901-950/1000
  🔄 처리 중: 951-1000/1000
  ✅ 완료: 성공 1000개, 실패 0개

📁 처리 중: stock_2025-07-23.xlsx (2025-07-23)
  📊 발견된 연도: 2024, 2025, 2026, 2027
  🔄 처리 중: 1-50/1000
  🔄 처리 중: 51-100/1000
  🔄 처리 중: 101-150/1000
  🔄 처리 중: 151-200/1000
  🔄 처리 중: 201-250/1000
  🔄 처리 중: 251-300/1000
  🔄 처리 중: 301-350/1000
  🔄 처리 중: 351-400/1000
  🔄 처리 중: 401-450/1000
  🔄 처리 중: 451-500/1000
  🔄 처리 중: 501-550/1000
  🔄 처리 중: 551-600/1000
  🔄 처리 중: 601-650/1000
  🔄 처리 중: 651-700/1000
  🔄 처리 중: 701-750/1000
  🔄 처리 중: 751-800/1000
  🔄 처리 중: 801-850/1000
  🔄 처리 중: 851-900/1000
  🔄 처리 중: 901-950/1000
  🔄 처리 중: 951-1000/1000
  ✅ 완료: 성공 1000개, 실패 0개

📁 처리 중: stock_2025-07-24.xlsx (2025-07-24)
  📊 발견된 연도: 2024, 2025, 2026, 2027
  🔄 처리 중: 1-50/1000
  🔄 처리 중: 51-100/1000
  🔄 처리 중: 101-150/1000
  🔄 처리 중: 151-200/1000
  🔄 처리 중: 201-250/1000
  🔄 처리 중: 251-300/1000
  🔄 처리 중: 301-350/1000
  🔄 처리 중: 351-400/1000
  🔄 처리 중: 401-450/1000
  🔄 처리 중: 451-500/1000
  🔄 처리 중: 501-550/1000
  🔄 처리 중: 551-600/1000
  🔄 처리 중: 601-650/1000
  🔄 처리 중: 651-700/1000
  🔄 처리 중: 701-750/1000
  🔄 처리 중: 751-800/1000
  🔄 처리 중: 801-850/1000
  🔄 처리 중: 851-900/1000
  🔄 처리 중: 901-950/1000
  🔄 처리 중: 951-1000/1000
  ✅ 완료: 성공 1000개, 실패 0개

📁 처리 중: stock_2025-07-25.xlsx (2025-07-25)
  📊 발견된 연도: 2024, 2025, 2026, 2027
  🔄 처리 중: 1-50/1000
  🔄 처리 중: 51-100/1000
  🔄 처리 중: 101-150/1000
  🔄 처리 중: 151-200/1000
  🔄 처리 중: 201-250/1000
  🔄 처리 중: 251-300/1000
  🔄 처리 중: 301-350/1000
  🔄 처리 중: 351-400/1000
  🔄 처리 중: 401-450/1000
  🔄 처리 중: 451-500/1000
  🔄 처리 중: 501-550/1000
  🔄 처리 중: 551-600/1000
  🔄 처리 중: 601-650/1000
  🔄 처리 중: 651-700/1000
  🔄 처리 중: 701-750/1000
  🔄 처리 중: 751-800/1000
  🔄 처리 중: 801-850/1000
  🔄 처리 중: 851-900/1000
  🔄 처리 중: 901-950/1000
  🔄 처리 중: 951-1000/1000
  ✅ 완료: 성공 1000개, 실패 0개

📁 처리 중: stock_2025-07-28.xlsx (2025-07-28)
  📊 발견된 연도: 2024, 2025, 2026, 2027
  🔄 처리 중: 1-50/1000
  🔄 처리 중: 51-100/1000
  🔄 처리 중: 101-150/1000
  🔄 처리 중: 151-200/1000
  🔄 처리 중: 201-250/1000
  🔄 처리 중: 251-300/1000
  🔄 처리 중: 301-350/1000
  🔄 처리 중: 351-400/1000
  🔄 처리 중: 401-450/1000
  🔄 처리 중: 451-500/1000
  🔄 처리 중: 501-550/1000
  🔄 처리 중: 551-600/1000
  🔄 처리 중: 601-650/1000
  🔄 처리 중: 651-700/1000
  🔄 처리 중: 701-750/1000
  🔄 처리 중: 751-800/1000
  🔄 처리 중: 801-850/1000
  🔄 처리 중: 851-900/1000
  🔄 처리 중: 901-950/1000
  🔄 처리 중: 951-1000/1000
  ✅ 완료: 성공 1000개, 실패 0개

📁 처리 중: stock_2025-07-29.xlsx (2025-07-29)
  📊 발견된 연도: 2024, 2025, 2026, 2027
  🔄 처리 중: 1-50/1000
  🔄 처리 중: 51-100/1000
  🔄 처리 중: 101-150/1000
  🔄 처리 중: 151-200/1000
  🔄 처리 중: 201-250/1000
  🔄 처리 중: 251-300/1000
  🔄 처리 중: 301-350/1000
  🔄 처리 중: 351-400/1000
  🔄 처리 중: 401-450/1000
  🔄 처리 중: 451-500/1000
  🔄 처리 중: 501-550/1000
  🔄 처리 중: 551-600/1000
  🔄 처리 중: 601-650/1000
  🔄 처리 중: 651-700/1000
  🔄 처리 중: 701-750/1000
  🔄 처리 중: 751-800/1000
  🔄 처리 중: 801-850/1000
  🔄 처리 중: 851-900/1000
  🔄 처리 중: 901-950/1000
  🔄 처리 중: 951-1000/1000
  ✅ 완료: 성공 1000개, 실패 0개

📁 처리 중: stock_2025-07-30.xlsx (2025-07-30)
  📊 발견된 연도: 2024, 2025, 2026, 2027
  🔄 처리 중: 1-50/1000
  🔄 처리 중: 51-100/1000
  🔄 처리 중: 101-150/1000
  🔄 처리 중: 151-200/1000
  🔄 처리 중: 201-250/1000
  🔄 처리 중: 251-300/1000
  🔄 처리 중: 301-350/1000
  🔄 처리 중: 351-400/1000
  🔄 처리 중: 401-450/1000
  🔄 처리 중: 451-500/1000
  🔄 처리 중: 501-550/1000
  🔄 처리 중: 551-600/1000
  🔄 처리 중: 601-650/1000
  🔄 처리 중: 651-700/1000
  🔄 처리 중: 701-750/1000
  🔄 처리 중: 751-800/1000
  🔄 처리 중: 801-850/1000
  🔄 처리 중: 851-900/1000
  🔄 처리 중: 901-950/1000
  🔄 처리 중: 951-1000/1000
  ✅ 완료: 성공 1000개, 실패 0개

📁 처리 중: stock_2025-07-31.xlsx (2025-07-31)
  📊 발견된 연도: 2024, 2025, 2026, 2027
  🔄 처리 중: 1-50/1000
  🔄 처리 중: 51-100/1000
  🔄 처리 중: 101-150/1000
  🔄 처리 중: 151-200/1000
  🔄 처리 중: 201-250/1000
  🔄 처리 중: 251-300/1000
  🔄 처리 중: 301-350/1000
  🔄 처리 중: 351-400/1000
  🔄 처리 중: 401-450/1000
  🔄 처리 중: 451-500/1000
  🔄 처리 중: 501-550/1000
  🔄 처리 중: 551-600/1000
  🔄 처리 중: 601-650/1000
  🔄 처리 중: 651-700/1000
  🔄 처리 중: 701-750/1000
  🔄 처리 중: 751-800/1000
  🔄 처리 중: 801-850/1000
  🔄 처리 중: 851-900/1000
  🔄 처리 중: 901-950/1000
  🔄 처리 중: 951-1000/1000
  ✅ 완료: 성공 1000개, 실패 0개

📁 처리 중: stock_2025-08-01.xlsx (2025-08-01)
  📊 발견된 연도: 2024, 2025, 2026, 2027
  🔄 처리 중: 1-50/1000
  🔄 처리 중: 51-100/1000
  🔄 처리 중: 101-150/1000
  🔄 처리 중: 151-200/1000
  🔄 처리 중: 201-250/1000
  🔄 처리 중: 251-300/1000
  🔄 처리 중: 301-350/1000
  🔄 처리 중: 351-400/1000
  🔄 처리 중: 401-450/1000
  🔄 처리 중: 451-500/1000
  🔄 처리 중: 501-550/1000
  🔄 처리 중: 551-600/1000
  🔄 처리 중: 601-650/1000
  🔄 처리 중: 651-700/1000
  🔄 처리 중: 701-750/1000
  🔄 처리 중: 751-800/1000
  🔄 처리 중: 801-850/1000
  🔄 처리 중: 851-900/1000
  🔄 처리 중: 901-950/1000
  🔄 처리 중: 951-1000/1000
  ✅ 완료: 성공 1000개, 실패 0개

📁 처리 중: stock_2025-08-04.xlsx (2025-08-04)
  📊 발견된 연도: 2024, 2025, 2026, 2027
  🔄 처리 중: 1-50/1000
  🔄 처리 중: 51-100/1000
  🔄 처리 중: 101-150/1000
  🔄 처리 중: 151-200/1000
  🔄 처리 중: 201-250/1000
  🔄 처리 중: 251-300/1000
  🔄 처리 중: 301-350/1000
  🔄 처리 중: 351-400/1000
  🔄 처리 중: 401-450/1000
  🔄 처리 중: 451-500/1000
  🔄 처리 중: 501-550/1000
  🔄 처리 중: 551-600/1000
  🔄 처리 중: 601-650/1000
  🔄 처리 중: 651-700/1000
  🔄 처리 중: 701-750/1000
  🔄 처리 중: 751-800/1000
  🔄 처리 중: 801-850/1000
  🔄 처리 중: 851-900/1000
  🔄 처리 중: 901-950/1000
  🔄 처리 중: 951-1000/1000
  ✅ 완료: 성공 1000개, 실패 0개

📁 처리 중: stock_2025-08-05.xlsx (2025-08-05)
  📊 발견된 연도: 2024, 2025, 2026, 2027
  🔄 처리 중: 1-50/1000
  🔄 처리 중: 51-100/1000
  🔄 처리 중: 101-150/1000
  🔄 처리 중: 151-200/1000
  🔄 처리 중: 201-250/1000
  🔄 처리 중: 251-300/1000
  🔄 처리 중: 301-350/1000
  🔄 처리 중: 351-400/1000
  🔄 처리 중: 401-450/1000
  🔄 처리 중: 451-500/1000
  🔄 처리 중: 501-550/1000
  🔄 처리 중: 551-600/1000
  🔄 처리 중: 601-650/1000
  🔄 처리 중: 651-700/1000
  🔄 처리 중: 701-750/1000
  🔄 처리 중: 751-800/1000
  🔄 처리 중: 801-850/1000
  🔄 처리 중: 851-900/1000
  🔄 처리 중: 901-950/1000
  🔄 처리 중: 951-1000/1000
  ✅ 완료: 성공 1000개, 실패 0개

📁 처리 중: stock_2025-08-06.xlsx (2025-08-06)
  📊 발견된 연도: 2024, 2025, 2026, 2027
  🔄 처리 중: 1-50/1000
  🔄 처리 중: 51-100/1000
  🔄 처리 중: 101-150/1000
  🔄 처리 중: 151-200/1000
  🔄 처리 중: 201-250/1000
  🔄 처리 중: 251-300/1000
  🔄 처리 중: 301-350/1000
  🔄 처리 중: 351-400/1000
  🔄 처리 중: 401-450/1000
  🔄 처리 중: 451-500/1000
  🔄 처리 중: 501-550/1000
  🔄 처리 중: 551-600/1000
  🔄 처리 중: 601-650/1000
  🔄 처리 중: 651-700/1000
  🔄 처리 중: 701-750/1000
  🔄 처리 중: 751-800/1000
  🔄 처리 중: 801-850/1000
  🔄 처리 중: 851-900/1000
  🔄 처리 중: 901-950/1000
  🔄 처리 중: 951-1000/1000
  ✅ 완료: 성공 1000개, 실패 0개

📁 처리 중: stock_2025-08-07.xlsx (2025-08-07)
  📊 발견된 연도: 2024, 2025, 2026, 2027
  🔄 처리 중: 1-50/1000
  🔄 처리 중: 51-100/1000
  🔄 처리 중: 101-150/1000
  🔄 처리 중: 151-200/1000
  🔄 처리 중: 201-250/1000
  🔄 처리 중: 251-300/1000
  🔄 처리 중: 301-350/1000
  🔄 처리 중: 351-400/1000
  🔄 처리 중: 401-450/1000
  🔄 처리 중: 451-500/1000
  🔄 처리 중: 501-550/1000
  🔄 처리 중: 551-600/1000
  🔄 처리 중: 601-650/1000
  🔄 처리 중: 651-700/1000
  🔄 처리 중: 701-750/1000
  🔄 처리 중: 751-800/1000
  🔄 처리 중: 801-850/1000
  🔄 처리 중: 851-900/1000
  🔄 처리 중: 901-950/1000
  🔄 처리 중: 951-1000/1000
  ✅ 완료: 성공 1000개, 실패 0개

📁 처리 중: stock_2025-08-08.xlsx (2025-08-08)
  📊 발견된 연도: 2024, 2025, 2026, 2027
  🔄 처리 중: 1-50/1000
  🔄 처리 중: 51-100/1000
  🔄 처리 중: 101-150/1000
  🔄 처리 중: 151-200/1000
  🔄 처리 중: 201-250/1000
  🔄 처리 중: 251-300/1000
  🔄 처리 중: 301-350/1000
  🔄 처리 중: 351-400/1000
  🔄 처리 중: 401-450/1000
  🔄 처리 중: 451-500/1000
  🔄 처리 중: 501-550/1000
  🔄 처리 중: 551-600/1000
  🔄 처리 중: 601-650/1000
  🔄 처리 중: 651-700/1000
  🔄 처리 중: 701-750/1000
  🔄 처리 중: 751-800/1000
  🔄 처리 중: 801-850/1000
  🔄 처리 중: 851-900/1000
  🔄 처리 중: 901-950/1000
  🔄 처리 중: 951-1000/1000
  ✅ 완료: 성공 1000개, 실패 0개

📁 처리 중: stock_2025-08-11.xlsx (2025-08-11)
  📊 발견된 연도: 2024, 2025, 2026, 2027
  🔄 처리 중: 1-50/1000
  🔄 처리 중: 51-100/1000
  🔄 처리 중: 101-150/1000
  🔄 처리 중: 151-200/1000
  🔄 처리 중: 201-250/1000
  🔄 처리 중: 251-300/1000
  🔄 처리 중: 301-350/1000
  🔄 처리 중: 351-400/1000
  🔄 처리 중: 401-450/1000
  🔄 처리 중: 451-500/1000
  🔄 처리 중: 501-550/1000
  🔄 처리 중: 551-600/1000
  🔄 처리 중: 601-650/1000
  🔄 처리 중: 651-700/1000
  🔄 처리 중: 701-750/1000
  🔄 처리 중: 751-800/1000
  🔄 처리 중: 801-850/1000
  🔄 처리 중: 851-900/1000
  🔄 처리 중: 901-950/1000
  🔄 처리 중: 951-1000/1000
  ✅ 완료: 성공 1000개, 실패 0개

📁 처리 중: stock_2025-08-12.xlsx (2025-08-12)
  📊 발견된 연도: 2024, 2025, 2026, 2027
  🔄 처리 중: 1-50/1000
  🔄 처리 중: 51-100/1000
  🔄 처리 중: 101-150/1000
  🔄 처리 중: 151-200/1000
  🔄 처리 중: 201-250/1000
  🔄 처리 중: 251-300/1000
  🔄 처리 중: 301-350/1000
  🔄 처리 중: 351-400/1000
  🔄 처리 중: 401-450/1000
  🔄 처리 중: 451-500/1000
  🔄 처리 중: 501-550/1000
  🔄 처리 중: 551-600/1000
  🔄 처리 중: 601-650/1000
  🔄 처리 중: 651-700/1000
  🔄 처리 중: 701-750/1000
  🔄 처리 중: 751-800/1000
  🔄 처리 중: 801-850/1000
  🔄 처리 중: 851-900/1000
  🔄 처리 중: 901-950/1000
  🔄 처리 중: 951-1000/1000
  ✅ 완료: 성공 1000개, 실패 0개

📁 처리 중: stock_2025-08-13.xlsx (2025-08-13)
  📊 발견된 연도: 2024, 2025, 2026, 2027
  🔄 처리 중: 1-50/1000
  🔄 처리 중: 51-100/1000
  🔄 처리 중: 101-150/1000
  🔄 처리 중: 151-200/1000
  🔄 처리 중: 201-250/1000
  🔄 처리 중: 251-300/1000
  🔄 처리 중: 301-350/1000
  🔄 처리 중: 351-400/1000
  🔄 처리 중: 401-450/1000
  🔄 처리 중: 451-500/1000
  🔄 처리 중: 501-550/1000
  🔄 처리 중: 551-600/1000
  🔄 처리 중: 601-650/1000
  🔄 처리 중: 651-700/1000
  🔄 처리 중: 701-750/1000
  🔄 처리 중: 751-800/1000
  🔄 처리 중: 801-850/1000
  🔄 처리 중: 851-900/1000
  🔄 처리 중: 901-950/1000
  🔄 처리 중: 951-1000/1000
  ✅ 완료: 성공 1000개, 실패 0개

📁 처리 중: stock_2025-08-14.xlsx (2025-08-14)
  📊 발견된 연도: 2024, 2025, 2026, 2027
  🔄 처리 중: 1-50/1000
  🔄 처리 중: 51-100/1000
  🔄 처리 중: 101-150/1000
  🔄 처리 중: 151-200/1000
  🔄 처리 중: 201-250/1000
  🔄 처리 중: 251-300/1000
  🔄 처리 중: 301-350/1000
  🔄 처리 중: 351-400/1000
  🔄 처리 중: 401-450/1000
  🔄 처리 중: 451-500/1000
  🔄 처리 중: 501-550/1000
  🔄 처리 중: 551-600/1000
  🔄 처리 중: 601-650/1000
  🔄 처리 중: 651-700/1000
  🔄 처리 중: 701-750/1000
  🔄 처리 중: 751-800/1000
  🔄 처리 중: 801-850/1000
  🔄 처리 중: 851-900/1000
  🔄 처리 중: 901-950/1000
  🔄 처리 중: 951-1000/1000
  ✅ 완료: 성공 1000개, 실패 0개

📁 처리 중: stock_2025-08-18.xlsx (2025-08-18)
  📊 발견된 연도: 2024, 2025, 2026, 2027
  🔄 처리 중: 1-50/1000
  🔄 처리 중: 51-100/1000
  🔄 처리 중: 101-150/1000
  🔄 처리 중: 151-200/1000
  🔄 처리 중: 201-250/1000
  🔄 처리 중: 251-300/1000
  🔄 처리 중: 301-350/1000
  🔄 처리 중: 351-400/1000
  🔄 처리 중: 401-450/1000
  🔄 처리 중: 451-500/1000
  🔄 처리 중: 501-550/1000
  🔄 처리 중: 551-600/1000
  🔄 처리 중: 601-650/1000
  🔄 처리 중: 651-700/1000
  🔄 처리 중: 701-750/1000
  🔄 처리 중: 751-800/1000
  🔄 처리 중: 801-850/1000
  🔄 처리 중: 851-900/1000
  🔄 처리 중: 901-950/1000
  🔄 처리 중: 951-1000/1000
  ✅ 완료: 성공 1000개, 실패 0개

📁 처리 중: stock_2025-08-19.xlsx (2025-08-19)
  📊 발견된 연도: 2024, 2025, 2026, 2027
  🔄 처리 중: 1-50/1000
  🔄 처리 중: 51-100/1000
  🔄 처리 중: 101-150/1000
  🔄 처리 중: 151-200/1000
  🔄 처리 중: 201-250/1000
  🔄 처리 중: 251-300/1000
  🔄 처리 중: 301-350/1000
  🔄 처리 중: 351-400/1000
  🔄 처리 중: 401-450/1000
  🔄 처리 중: 451-500/1000
  🔄 처리 중: 501-550/1000
  🔄 처리 중: 551-600/1000
  🔄 처리 중: 601-650/1000
  🔄 처리 중: 651-700/1000
  🔄 처리 중: 701-750/1000
  🔄 처리 중: 751-800/1000
  🔄 처리 중: 801-850/1000
  🔄 처리 중: 851-900/1000
  🔄 처리 중: 901-950/1000
  🔄 처리 중: 951-1000/1000
  ✅ 완료: 성공 1000개, 실패 0개

📁 처리 중: stock_2025-08-20.xlsx (2025-08-20)
  📊 발견된 연도: 2024, 2025, 2026, 2027
  🔄 처리 중: 1-50/1000
  🔄 처리 중: 51-100/1000
  🔄 처리 중: 101-150/1000
  🔄 처리 중: 151-200/1000
  🔄 처리 중: 201-250/1000
  🔄 처리 중: 251-300/1000
  🔄 처리 중: 301-350/1000
  🔄 처리 중: 351-400/1000
  🔄 처리 중: 401-450/1000
  🔄 처리 중: 451-500/1000
  🔄 처리 중: 501-550/1000
  🔄 처리 중: 551-600/1000
  🔄 처리 중: 601-650/1000
  🔄 처리 중: 651-700/1000
  🔄 처리 중: 701-750/1000
  🔄 처리 중: 751-800/1000
  🔄 처리 중: 801-850/1000
  🔄 처리 중: 851-900/1000
  🔄 처리 중: 901-950/1000
  🔄 처리 중: 951-1000/1000
  ✅ 완료: 성공 1000개, 실패 0개

📁 처리 중: stock_2025-08-21.xlsx (2025-08-21)
  📊 발견된 연도: 2024, 2025, 2026, 2027
  🔄 처리 중: 1-50/1000
  🔄 처리 중: 51-100/1000
  🔄 처리 중: 101-150/1000
  🔄 처리 중: 151-200/1000
  🔄 처리 중: 201-250/1000
  🔄 처리 중: 251-300/1000
  🔄 처리 중: 301-350/1000
  🔄 처리 중: 351-400/1000
  🔄 처리 중: 401-450/1000
  🔄 처리 중: 451-500/1000
  🔄 처리 중: 501-550/1000
  🔄 처리 중: 551-600/1000
  🔄 처리 중: 601-650/1000
  🔄 처리 중: 651-700/1000
  🔄 처리 중: 701-750/1000
  🔄 처리 중: 751-800/1000
  🔄 처리 중: 801-850/1000
  🔄 처리 중: 851-900/1000
  🔄 처리 중: 901-950/1000
  🔄 처리 중: 951-1000/1000
  ✅ 완료: 성공 1000개, 실패 0개

📁 처리 중: stock_2025-08-22.xlsx (2025-08-22)
  📊 발견된 연도: 2024, 2025, 2026, 2027
  🔄 처리 중: 1-50/1000
  🔄 처리 중: 51-100/1000
  🔄 처리 중: 101-150/1000
  🔄 처리 중: 151-200/1000
  🔄 처리 중: 201-250/1000
  🔄 처리 중: 251-300/1000
  🔄 처리 중: 301-350/1000
  🔄 처리 중: 351-400/1000
  🔄 처리 중: 401-450/1000
  🔄 처리 중: 451-500/1000
  🔄 처리 중: 501-550/1000
  🔄 처리 중: 551-600/1000
  🔄 처리 중: 601-650/1000
  🔄 처리 중: 651-700/1000
  🔄 처리 중: 701-750/1000
  🔄 처리 중: 751-800/1000
  🔄 처리 중: 801-850/1000
  🔄 처리 중: 851-900/1000
  🔄 처리 중: 901-950/1000
  🔄 처리 중: 951-1000/1000
  ✅ 완료: 성공 1000개, 실패 0개

📁 처리 중: stock_2025-08-25.xlsx (2025-08-25)
  📊 발견된 연도: 2024, 2025, 2026, 2027
  🔄 처리 중: 1-50/1000
  🔄 처리 중: 51-100/1000
  🔄 처리 중: 101-150/1000
  🔄 처리 중: 151-200/1000
  🔄 처리 중: 201-250/1000
  🔄 처리 중: 251-300/1000
  🔄 처리 중: 301-350/1000
  🔄 처리 중: 351-400/1000
  🔄 처리 중: 401-450/1000
  🔄 처리 중: 451-500/1000
  🔄 처리 중: 501-550/1000
  🔄 처리 중: 551-600/1000
  🔄 처리 중: 601-650/1000
  🔄 처리 중: 651-700/1000
  🔄 처리 중: 701-750/1000
  🔄 처리 중: 751-800/1000
  🔄 처리 중: 801-850/1000
  🔄 처리 중: 851-900/1000
  🔄 처리 중: 901-950/1000
  🔄 처리 중: 951-1000/1000
  ✅ 완료: 성공 1000개, 실패 0개

📁 처리 중: stock_2025-08-26.xlsx (2025-08-26)
  📊 발견된 연도: 2024, 2025, 2026, 2027
  🔄 처리 중: 1-50/1000
  🔄 처리 중: 51-100/1000
  🔄 처리 중: 101-150/1000
  🔄 처리 중: 151-200/1000
  🔄 처리 중: 201-250/1000
  🔄 처리 중: 251-300/1000
  🔄 처리 중: 301-350/1000
  🔄 처리 중: 351-400/1000
  🔄 처리 중: 401-450/1000
  🔄 처리 중: 451-500/1000
  🔄 처리 중: 501-550/1000
  🔄 처리 중: 551-600/1000
  🔄 처리 중: 601-650/1000
  🔄 처리 중: 651-700/1000
  🔄 처리 중: 701-750/1000
  🔄 처리 중: 751-800/1000
  🔄 처리 중: 801-850/1000
  🔄 처리 중: 851-900/1000
  🔄 처리 중: 901-950/1000
  🔄 처리 중: 951-1000/1000
  ✅ 완료: 성공 1000개, 실패 0개

📁 처리 중: stock_2025-08-27.xlsx (2025-08-27)
  📊 발견된 연도: 2024, 2025, 2026, 2027
  🔄 처리 중: 1-50/1000
  🔄 처리 중: 51-100/1000
  🔄 처리 중: 101-150/1000
  🔄 처리 중: 151-200/1000
  🔄 처리 중: 201-250/1000
  🔄 처리 중: 251-300/1000
  🔄 처리 중: 301-350/1000
  🔄 처리 중: 351-400/1000
  🔄 처리 중: 401-450/1000
  🔄 처리 중: 451-500/1000
  🔄 처리 중: 501-550/1000
  🔄 처리 중: 551-600/1000
  🔄 처리 중: 601-650/1000
  🔄 처리 중: 651-700/1000
  🔄 처리 중: 701-750/1000
  🔄 처리 중: 751-800/1000
  🔄 처리 중: 801-850/1000
  🔄 처리 중: 851-900/1000
  🔄 처리 중: 901-950/1000
  🔄 처리 중: 951-1000/1000
  ✅ 완료: 성공 1000개, 실패 0개

📁 처리 중: stock_2025-08-28.xlsx (2025-08-28)
  📊 발견된 연도: 2024, 2025, 2026, 2027
  🔄 처리 중: 1-50/1000
  🔄 처리 중: 51-100/1000
  🔄 처리 중: 101-150/1000
  🔄 처리 중: 151-200/1000
  🔄 처리 중: 201-250/1000
  🔄 처리 중: 251-300/1000
  🔄 처리 중: 301-350/1000
  🔄 처리 중: 351-400/1000
  🔄 처리 중: 401-450/1000
  🔄 처리 중: 451-500/1000
  🔄 처리 중: 501-550/1000
  🔄 처리 중: 551-600/1000
  🔄 처리 중: 601-650/1000
  🔄 처리 중: 651-700/1000
  🔄 처리 중: 701-750/1000
  🔄 처리 중: 751-800/1000
  🔄 처리 중: 801-850/1000
  🔄 처리 중: 851-900/1000
  🔄 처리 중: 901-950/1000
  🔄 처리 중: 951-1000/1000
  ✅ 완료: 성공 1000개, 실패 0개

📁 처리 중: stock_2025-08-29.xlsx (2025-08-29)
  📊 발견된 연도: 2024, 2025, 2026, 2027
  🔄 처리 중: 1-50/1000
  🔄 처리 중: 51-100/1000
  🔄 처리 중: 101-150/1000
  🔄 처리 중: 151-200/1000
  🔄 처리 중: 201-250/1000
  🔄 처리 중: 251-300/1000
  🔄 처리 중: 301-350/1000
  🔄 처리 중: 351-400/1000
  🔄 처리 중: 401-450/1000
  🔄 처리 중: 451-500/1000
  🔄 처리 중: 501-550/1000
  🔄 처리 중: 551-600/1000
  🔄 처리 중: 601-650/1000
  🔄 처리 중: 651-700/1000
  🔄 처리 중: 701-750/1000
  🔄 처리 중: 751-800/1000
  🔄 처리 중: 801-850/1000
  🔄 처리 중: 851-900/1000
  🔄 처리 중: 901-950/1000
  🔄 처리 중: 951-1000/1000
  ✅ 완료: 성공 1000개, 실패 0개

📁 처리 중: stock_2025-09-01.xlsx (2025-09-01)
  📊 발견된 연도: 2024, 2025, 2026, 2027
  🔄 처리 중: 1-50/1000
  🔄 처리 중: 51-100/1000
  🔄 처리 중: 101-150/1000
  🔄 처리 중: 151-200/1000
  🔄 처리 중: 201-250/1000
  🔄 처리 중: 251-300/1000
  🔄 처리 중: 301-350/1000
  🔄 처리 중: 351-400/1000
  🔄 처리 중: 401-450/1000
  🔄 처리 중: 451-500/1000
  🔄 처리 중: 501-550/1000
  🔄 처리 중: 551-600/1000
  🔄 처리 중: 601-650/1000
  🔄 처리 중: 651-700/1000
  🔄 처리 중: 701-750/1000
  🔄 처리 중: 751-800/1000
  🔄 처리 중: 801-850/1000
  🔄 처리 중: 851-900/1000
  🔄 처리 중: 901-950/1000
  🔄 처리 중: 951-1000/1000
  ✅ 완료: 성공 1000개, 실패 0개

📁 처리 중: stock_2025-09-02.xlsx (2025-09-02)
  📊 발견된 연도: 2024, 2025, 2026, 2027
  🔄 처리 중: 1-50/1000
  🔄 처리 중: 51-100/1000
  🔄 처리 중: 101-150/1000
  🔄 처리 중: 151-200/1000
  🔄 처리 중: 201-250/1000
  🔄 처리 중: 251-300/1000
  🔄 처리 중: 301-350/1000
  🔄 처리 중: 351-400/1000
  🔄 처리 중: 401-450/1000
  🔄 처리 중: 451-500/1000
  🔄 처리 중: 501-550/1000
  🔄 처리 중: 551-600/1000
  🔄 처리 중: 601-650/1000
  🔄 처리 중: 651-700/1000
  🔄 처리 중: 701-750/1000
  🔄 처리 중: 751-800/1000
  🔄 처리 중: 801-850/1000
  🔄 처리 중: 851-900/1000
  🔄 처리 중: 901-950/1000
  🔄 처리 중: 951-1000/1000
  ✅ 완료: 성공 1000개, 실패 0개

📁 처리 중: stock_2025-09-03.xlsx (2025-09-03)
  📊 발견된 연도: 2024, 2025, 2026, 2027
  🔄 처리 중: 1-50/1000
  🔄 처리 중: 51-100/1000
  🔄 처리 중: 101-150/1000
  🔄 처리 중: 151-200/1000
  🔄 처리 중: 201-250/1000
  🔄 처리 중: 251-300/1000
  🔄 처리 중: 301-350/1000
  🔄 처리 중: 351-400/1000
  🔄 처리 중: 401-450/1000
  🔄 처리 중: 451-500/1000
  🔄 처리 중: 501-550/1000
  🔄 처리 중: 551-600/1000
  🔄 처리 중: 601-650/1000
  🔄 처리 중: 651-700/1000
  🔄 처리 중: 701-750/1000
  🔄 처리 중: 751-800/1000
  🔄 처리 중: 801-850/1000
  🔄 처리 중: 851-900/1000
  🔄 처리 중: 901-950/1000
  🔄 처리 중: 951-1000/1000
  ✅ 완료: 성공 1000개, 실패 0개

📁 처리 중: stock_2025-09-04.xlsx (2025-09-04)
  📊 발견된 연도: 2024, 2025, 2026, 2027
  🔄 처리 중: 1-50/1000
  🔄 처리 중: 51-100/1000
  🔄 처리 중: 101-150/1000
  🔄 처리 중: 151-200/1000
  🔄 처리 중: 201-250/1000
  🔄 처리 중: 251-300/1000
  🔄 처리 중: 301-350/1000
  🔄 처리 중: 351-400/1000
  🔄 처리 중: 401-450/1000
  🔄 처리 중: 451-500/1000
  🔄 처리 중: 501-550/1000
  🔄 처리 중: 551-600/1000
  🔄 처리 중: 601-650/1000
  🔄 처리 중: 651-700/1000
  🔄 처리 중: 701-750/1000
  🔄 처리 중: 751-800/1000
  🔄 처리 중: 801-850/1000
  🔄 처리 중: 851-900/1000
  🔄 처리 중: 901-950/1000
  🔄 처리 중: 951-1000/1000
  ✅ 완료: 성공 1000개, 실패 0개

📁 처리 중: stock_2025-09-05.xlsx (2025-09-05)
  📊 발견된 연도: 2024, 2025, 2026, 2027
  🔄 처리 중: 1-50/1000
  🔄 처리 중: 51-100/1000
  🔄 처리 중: 101-150/1000
  🔄 처리 중: 151-200/1000
  🔄 처리 중: 201-250/1000
  🔄 처리 중: 251-300/1000
  🔄 처리 중: 301-350/1000
  🔄 처리 중: 351-400/1000
  🔄 처리 중: 401-450/1000
  🔄 처리 중: 451-500/1000
  🔄 처리 중: 501-550/1000
  🔄 처리 중: 551-600/1000
  🔄 처리 중: 601-650/1000
  🔄 처리 중: 651-700/1000
  🔄 처리 중: 701-750/1000
  🔄 처리 중: 751-800/1000
  🔄 처리 중: 801-850/1000
  🔄 처리 중: 851-900/1000
  🔄 처리 중: 901-950/1000
  🔄 처리 중: 951-1000/1000
  ✅ 완료: 성공 1000개, 실패 0개

📁 처리 중: stock_2025-09-08.xlsx (2025-09-08)
  📊 발견된 연도: 2024, 2025, 2026, 2027
  🔄 처리 중: 1-50/1000
  🔄 처리 중: 51-100/1000
  🔄 처리 중: 101-150/1000
  🔄 처리 중: 151-200/1000
  🔄 처리 중: 201-250/1000
  🔄 처리 중: 251-300/1000
  🔄 처리 중: 301-350/1000
  🔄 처리 중: 351-400/1000
  🔄 처리 중: 401-450/1000
  🔄 처리 중: 451-500/1000
  🔄 처리 중: 501-550/1000
  🔄 처리 중: 551-600/1000
  🔄 처리 중: 601-650/1000
  🔄 처리 중: 651-700/1000
  🔄 처리 중: 701-750/1000
  🔄 처리 중: 751-800/1000
  🔄 처리 중: 801-850/1000
  🔄 처리 중: 851-900/1000
  🔄 처리 중: 901-950/1000
  🔄 처리 중: 951-1000/1000
  ✅ 완료: 성공 1000개, 실패 0개

📁 처리 중: stock_2025-09-09.xlsx (2025-09-09)
  📊 발견된 연도: 2024, 2025, 2026, 2027
  🔄 처리 중: 1-50/1000
  🔄 처리 중: 51-100/1000
  🔄 처리 중: 101-150/1000
  🔄 처리 중: 151-200/1000
  🔄 처리 중: 201-250/1000
  🔄 처리 중: 251-300/1000
  🔄 처리 중: 301-350/1000
  🔄 처리 중: 351-400/1000
  🔄 처리 중: 401-450/1000
  🔄 처리 중: 451-500/1000
  🔄 처리 중: 501-550/1000
  🔄 처리 중: 551-600/1000
  🔄 처리 중: 601-650/1000
  🔄 처리 중: 651-700/1000
  🔄 처리 중: 701-750/1000
  🔄 처리 중: 751-800/1000
  🔄 처리 중: 801-850/1000
  🔄 처리 중: 851-900/1000
  🔄 처리 중: 901-950/1000
  🔄 처리 중: 951-1000/1000
  ✅ 완료: 성공 1000개, 실패 0개

📁 처리 중: stock_2025-09-10.xlsx (2025-09-10)
  📊 발견된 연도: 2024, 2025, 2026, 2027
  🔄 처리 중: 1-50/1000
  🔄 처리 중: 51-100/1000
  🔄 처리 중: 101-150/1000
  🔄 처리 중: 151-200/1000
  🔄 처리 중: 201-250/1000
  🔄 처리 중: 251-300/1000
  🔄 처리 중: 301-350/1000
  🔄 처리 중: 351-400/1000
  🔄 처리 중: 401-450/1000
  🔄 처리 중: 451-500/1000
  🔄 처리 중: 501-550/1000
  🔄 처리 중: 551-600/1000
  🔄 처리 중: 601-650/1000
  🔄 처리 중: 651-700/1000
  🔄 처리 중: 701-750/1000
  🔄 처리 중: 751-800/1000
  🔄 처리 중: 801-850/1000
  🔄 처리 중: 851-900/1000
  🔄 처리 중: 901-950/1000
  🔄 처리 중: 951-1000/1000
  ✅ 완료: 성공 1000개, 실패 0개

📁 처리 중: stock_2025-09-11.xlsx (2025-09-11)
  📊 발견된 연도: 2024, 2025, 2026, 2027
  🔄 처리 중: 1-50/1000
  🔄 처리 중: 51-100/1000
  🔄 처리 중: 101-150/1000
  🔄 처리 중: 151-200/1000
  🔄 처리 중: 201-250/1000
  🔄 처리 중: 251-300/1000
  🔄 처리 중: 301-350/1000
  🔄 처리 중: 351-400/1000
  🔄 처리 중: 401-450/1000
  🔄 처리 중: 451-500/1000
  🔄 처리 중: 501-550/1000
  🔄 처리 중: 551-600/1000
  🔄 처리 중: 601-650/1000
  🔄 처리 중: 651-700/1000
  🔄 처리 중: 701-750/1000
  🔄 처리 중: 751-800/1000
  🔄 처리 중: 801-850/1000
  🔄 처리 중: 851-900/1000
  🔄 처리 중: 901-950/1000
  🔄 처리 중: 951-1000/1000
  ✅ 완료: 성공 1000개, 실패 0개

📁 처리 중: stock_2025-09-12.xlsx (2025-09-12)
  📊 발견된 연도: 2024, 2025, 2026, 2027
  🔄 처리 중: 1-50/1000
  🔄 처리 중: 51-100/1000
  🔄 처리 중: 101-150/1000
  🔄 처리 중: 151-200/1000
  🔄 처리 중: 201-250/1000
  🔄 처리 중: 251-300/1000
  🔄 처리 중: 301-350/1000
  🔄 처리 중: 351-400/1000
  🔄 처리 중: 401-450/1000
  🔄 처리 중: 451-500/1000
  🔄 처리 중: 501-550/1000
  🔄 처리 중: 551-600/1000
  🔄 처리 중: 601-650/1000
  🔄 처리 중: 651-700/1000
  🔄 처리 중: 701-750/1000
  🔄 처리 중: 751-800/1000
  🔄 처리 중: 801-850/1000
  🔄 처리 중: 851-900/1000
  🔄 처리 중: 901-950/1000
  🔄 처리 중: 951-1000/1000
  ✅ 완료: 성공 1000개, 실패 0개

📁 처리 중: stock_2025-09-15.xlsx (2025-09-15)
  📊 발견된 연도: 2024, 2025, 2026, 2027
  🔄 처리 중: 1-50/1000
  🔄 처리 중: 51-100/1000
  🔄 처리 중: 101-150/1000
  🔄 처리 중: 151-200/1000
  🔄 처리 중: 201-250/1000
  🔄 처리 중: 251-300/1000
  🔄 처리 중: 301-350/1000
  🔄 처리 중: 351-400/1000
  🔄 처리 중: 401-450/1000
  🔄 처리 중: 451-500/1000
  🔄 처리 중: 501-550/1000
  🔄 처리 중: 551-600/1000
  🔄 처리 중: 601-650/1000
  🔄 처리 중: 651-700/1000
  🔄 처리 중: 701-750/1000
  🔄 처리 중: 751-800/1000
  🔄 처리 중: 801-850/1000
  🔄 처리 중: 851-900/1000
  🔄 처리 중: 901-950/1000
  🔄 처리 중: 951-1000/1000
  ✅ 완료: 성공 1000개, 실패 0개

📁 처리 중: stock_2025-09-16.xlsx (2025-09-16)
  📊 발견된 연도: 2024, 2025, 2026, 2027
  🔄 처리 중: 1-50/1000
  🔄 처리 중: 51-100/1000
  🔄 처리 중: 101-150/1000
  🔄 처리 중: 151-200/1000
  🔄 처리 중: 201-250/1000
  🔄 처리 중: 251-300/1000
  🔄 처리 중: 301-350/1000
  🔄 처리 중: 351-400/1000
  🔄 처리 중: 401-450/1000
  🔄 처리 중: 451-500/1000
  🔄 처리 중: 501-550/1000
  🔄 처리 중: 551-600/1000
  🔄 처리 중: 601-650/1000
  🔄 처리 중: 651-700/1000
  🔄 처리 중: 701-750/1000
  🔄 처리 중: 751-800/1000
  🔄 처리 중: 801-850/1000
  🔄 처리 중: 851-900/1000
  🔄 처리 중: 901-950/1000
  🔄 처리 중: 951-1000/1000
  ✅ 완료: 성공 1000개, 실패 0개

📁 처리 중: stock_2025-09-17.xlsx (2025-09-17)
  📊 발견된 연도: 2024, 2025, 2026, 2027
  🔄 처리 중: 1-50/1000
  🔄 처리 중: 51-100/1000
  🔄 처리 중: 101-150/1000
  🔄 처리 중: 151-200/1000
  🔄 처리 중: 201-250/1000
  🔄 처리 중: 251-300/1000
  🔄 처리 중: 301-350/1000
  🔄 처리 중: 351-400/1000
  🔄 처리 중: 401-450/1000
  🔄 처리 중: 451-500/1000
  🔄 처리 중: 501-550/1000
  🔄 처리 중: 551-600/1000
  🔄 처리 중: 601-650/1000
  🔄 처리 중: 651-700/1000
  🔄 처리 중: 701-750/1000
  🔄 처리 중: 751-800/1000
  🔄 처리 중: 801-850/1000
  🔄 처리 중: 851-900/1000
  🔄 처리 중: 901-950/1000
  🔄 처리 중: 951-1000/1000
  ✅ 완료: 성공 1000개, 실패 0개

📁 처리 중: stock_2025-09-18.xlsx (2025-09-18)
  📊 발견된 연도: 2024, 2025, 2026, 2027
  🔄 처리 중: 1-50/1000
  🔄 처리 중: 51-100/1000
  🔄 처리 중: 101-150/1000
  🔄 처리 중: 151-200/1000
  🔄 처리 중: 201-250/1000
  🔄 처리 중: 251-300/1000
  🔄 처리 중: 301-350/1000
  🔄 처리 중: 351-400/1000
  🔄 처리 중: 401-450/1000
  🔄 처리 중: 451-500/1000
  🔄 처리 중: 501-550/1000
  🔄 처리 중: 551-600/1000
  🔄 처리 중: 601-650/1000
  🔄 처리 중: 651-700/1000
  🔄 처리 중: 701-750/1000
  🔄 처리 중: 751-800/1000
  🔄 처리 중: 801-850/1000
  🔄 처리 중: 851-900/1000
  🔄 처리 중: 901-950/1000
  🔄 처리 중: 951-1000/1000
  ✅ 완료: 성공 1000개, 실패 0개

📁 처리 중: stock_2025-09-19.xlsx (2025-09-19)
  📊 발견된 연도: 2024, 2025, 2026, 2027
  🔄 처리 중: 1-50/1000
  🔄 처리 중: 51-100/1000
  🔄 처리 중: 101-150/1000
  🔄 처리 중: 151-200/1000
  🔄 처리 중: 201-250/1000
  🔄 처리 중: 251-300/1000
  🔄 처리 중: 301-350/1000
  🔄 처리 중: 351-400/1000
  🔄 처리 중: 401-450/1000
  🔄 처리 중: 451-500/1000
  🔄 처리 중: 501-550/1000
  🔄 처리 중: 551-600/1000
  🔄 처리 중: 601-650/1000
  🔄 처리 중: 651-700/1000
  🔄 처리 중: 701-750/1000
  🔄 처리 중: 751-800/1000
  🔄 처리 중: 801-850/1000
  🔄 처리 중: 851-900/1000
  🔄 처리 중: 901-950/1000
  🔄 처리 중: 951-1000/1000
  ✅ 완료: 성공 1000개, 실패 0개

📁 처리 중: stock_2025-09-22.xlsx (2025-09-22)
  📊 발견된 연도: 2024, 2025, 2026, 2027
  🔄 처리 중: 1-50/1000
  🔄 처리 중: 51-100/1000
  🔄 처리 중: 101-150/1000
  🔄 처리 중: 151-200/1000
  🔄 처리 중: 201-250/1000
  🔄 처리 중: 251-300/1000
  🔄 처리 중: 301-350/1000
  🔄 처리 중: 351-400/1000
  🔄 처리 중: 401-450/1000
  🔄 처리 중: 451-500/1000
  🔄 처리 중: 501-550/1000
  🔄 처리 중: 551-600/1000
  🔄 처리 중: 601-650/1000
  🔄 처리 중: 651-700/1000
  🔄 처리 중: 701-750/1000
  🔄 처리 중: 751-800/1000
  🔄 처리 중: 801-850/1000
  🔄 처리 중: 851-900/1000
  🔄 처리 중: 901-950/1000
  🔄 처리 중: 951-1000/1000
  ✅ 완료: 성공 1000개, 실패 0개

📁 처리 중: stock_2025-09-23.xlsx (2025-09-23)
  📊 발견된 연도: 2024, 2025, 2026, 2027
  🔄 처리 중: 1-50/1000
  🔄 처리 중: 51-100/1000
  🔄 처리 중: 101-150/1000
  🔄 처리 중: 151-200/1000
  🔄 처리 중: 201-250/1000
  🔄 처리 중: 251-300/1000
  🔄 처리 중: 301-350/1000
  🔄 처리 중: 351-400/1000
  🔄 처리 중: 401-450/1000
  🔄 처리 중: 451-500/1000
  🔄 처리 중: 501-550/1000
  🔄 처리 중: 551-600/1000
  🔄 처리 중: 601-650/1000
  🔄 처리 중: 651-700/1000
  🔄 처리 중: 701-750/1000
  🔄 처리 중: 751-800/1000
  🔄 처리 중: 801-850/1000
  🔄 처리 중: 851-900/1000
  🔄 처리 중: 901-950/1000
  🔄 처리 중: 951-1000/1000
  ✅ 완료: 성공 1000개, 실패 0개

📁 처리 중: stock_2025-09-24.xlsx (2025-09-24)
  📊 발견된 연도: 2024, 2025, 2026, 2027
  🔄 처리 중: 1-50/1000
  🔄 처리 중: 51-100/1000
  🔄 처리 중: 101-150/1000
  🔄 처리 중: 151-200/1000
  🔄 처리 중: 201-250/1000
  🔄 처리 중: 251-300/1000
  🔄 처리 중: 301-350/1000
  🔄 처리 중: 351-400/1000
  🔄 처리 중: 401-450/1000
  🔄 처리 중: 451-500/1000
  🔄 처리 중: 501-550/1000
  🔄 처리 중: 551-600/1000
  🔄 처리 중: 601-650/1000
  🔄 처리 중: 651-700/1000
  🔄 처리 중: 701-750/1000
  🔄 처리 중: 751-800/1000
  🔄 처리 중: 801-850/1000
  🔄 처리 중: 851-900/1000
  🔄 처리 중: 901-950/1000
  🔄 처리 중: 951-1000/1000
    ❌ 오류 (한스바이오메드): <html>
<head><title>502 Bad Gateway</title></head>
<body>
<center><h1>502 Bad Gateway</h1></center>
<hr><center>cloudflare</center>
</body>
</html>

  ✅ 완료: 성공 999개, 실패 1개

📁 처리 중: stock_2025-09-25.xlsx (2025-09-25)
  📊 발견된 연도: 2024, 2025, 2026, 2027
  🔄 처리 중: 1-50/1000
  🔄 처리 중: 51-100/1000
  🔄 처리 중: 101-150/1000
  🔄 처리 중: 151-200/1000
  🔄 처리 중: 201-250/1000
  🔄 처리 중: 251-300/1000
  🔄 처리 중: 301-350/1000
  🔄 처리 중: 351-400/1000
  🔄 처리 중: 401-450/1000
  🔄 처리 중: 451-500/1000
  🔄 처리 중: 501-550/1000
  🔄 처리 중: 551-600/1000
  🔄 처리 중: 601-650/1000
  🔄 처리 중: 651-700/1000
  🔄 처리 중: 701-750/1000
  🔄 처리 중: 751-800/1000
  🔄 처리 중: 801-850/1000
  🔄 처리 중: 851-900/1000
  🔄 처리 중: 901-950/1000
  🔄 처리 중: 951-1000/1000
  ✅ 완료: 성공 1000개, 실패 0개

📁 처리 중: stock_2025-09-26.xlsx (2025-09-26)
  📊 발견된 연도: 2024, 2025, 2026, 2027
  🔄 처리 중: 1-50/1000
  🔄 처리 중: 51-100/1000
  🔄 처리 중: 101-150/1000
  🔄 처리 중: 151-200/1000
  🔄 처리 중: 201-250/1000
  🔄 처리 중: 251-300/1000
  🔄 처리 중: 301-350/1000
  🔄 처리 중: 351-400/1000
  🔄 처리 중: 401-450/1000
  🔄 처리 중: 451-500/1000
  🔄 처리 중: 501-550/1000
  🔄 처리 중: 551-600/1000
  🔄 처리 중: 601-650/1000
  🔄 처리 중: 651-700/1000
  🔄 처리 중: 701-750/1000
  🔄 처리 중: 751-800/1000
  🔄 처리 중: 801-850/1000
  🔄 처리 중: 851-900/1000
  🔄 처리 중: 901-950/1000
  🔄 처리 중: 951-1000/1000
  ✅ 완료: 성공 1000개, 실패 0개

📁 처리 중: stock_2025-09-29.xlsx (2025-09-29)
  📊 발견된 연도: 2024, 2025, 2026, 2027
  🔄 처리 중: 1-50/1000
  🔄 처리 중: 51-100/1000
  🔄 처리 중: 101-150/1000
  🔄 처리 중: 151-200/1000
  🔄 처리 중: 201-250/1000
  🔄 처리 중: 251-300/1000
  🔄 처리 중: 301-350/1000
  🔄 처리 중: 351-400/1000
  🔄 처리 중: 401-450/1000
  🔄 처리 중: 451-500/1000
  🔄 처리 중: 501-550/1000
  🔄 처리 중: 551-600/1000
  🔄 처리 중: 601-650/1000
  🔄 처리 중: 651-700/1000
  🔄 처리 중: 701-750/1000
  🔄 처리 중: 751-800/1000
  🔄 처리 중: 801-850/1000
  🔄 처리 중: 851-900/1000
  🔄 처리 중: 901-950/1000
  🔄 처리 중: 951-1000/1000
  ✅ 완료: 성공 1000개, 실패 0개

📁 처리 중: stock_2025-09-30.xlsx (2025-09-30)
  📊 발견된 연도: 2024, 2025, 2026, 2027
  🔄 처리 중: 1-50/1000
  🔄 처리 중: 51-100/1000
  🔄 처리 중: 101-150/1000
  🔄 처리 중: 151-200/1000
  🔄 처리 중: 201-250/1000
  🔄 처리 중: 251-300/1000
  🔄 처리 중: 301-350/1000
  🔄 처리 중: 351-400/1000
  🔄 처리 중: 401-450/1000
  🔄 처리 중: 451-500/1000
  🔄 처리 중: 501-550/1000
  🔄 처리 중: 551-600/1000
  🔄 처리 중: 601-650/1000
  🔄 처리 중: 651-700/1000
  🔄 처리 중: 701-750/1000
  🔄 처리 중: 751-800/1000
  🔄 처리 중: 801-850/1000
  🔄 처리 중: 851-900/1000
  🔄 처리 중: 901-950/1000
  🔄 처리 중: 951-1000/1000
  ✅ 완료: 성공 1000개, 실패 0개

📁 처리 중: stock_2025-10-01.xlsx (2025-10-01)
  📊 발견된 연도: 2024, 2025, 2026, 2027
  🔄 처리 중: 1-50/1000
  🔄 처리 중: 51-100/1000
  🔄 처리 중: 101-150/1000
  🔄 처리 중: 151-200/1000
  🔄 처리 중: 201-250/1000
  🔄 처리 중: 251-300/1000
  🔄 처리 중: 301-350/1000
  🔄 처리 중: 351-400/1000
  🔄 처리 중: 401-450/1000
  🔄 처리 중: 451-500/1000
  🔄 처리 중: 501-550/1000
  🔄 처리 중: 551-600/1000
  🔄 처리 중: 601-650/1000
  🔄 처리 중: 651-700/1000
  🔄 처리 중: 701-750/1000
  🔄 처리 중: 751-800/1000
  🔄 처리 중: 801-850/1000
  🔄 처리 중: 851-900/1000
  🔄 처리 중: 901-950/1000
  🔄 처리 중: 951-1000/1000
  ✅ 완료: 성공 1000개, 실패 0개

📁 처리 중: stock_2025-10-02.xlsx (2025-10-02)
  📊 발견된 연도: 2024, 2025, 2026, 2027
  🔄 처리 중: 1-50/1000
  🔄 처리 중: 51-100/1000
  🔄 처리 중: 101-150/1000
  🔄 처리 중: 151-200/1000
  🔄 처리 중: 201-250/1000
  🔄 처리 중: 251-300/1000
  🔄 처리 중: 301-350/1000
  🔄 처리 중: 351-400/1000
  🔄 처리 중: 401-450/1000
  🔄 처리 중: 451-500/1000
  🔄 처리 중: 501-550/1000
  🔄 처리 중: 551-600/1000
  🔄 처리 중: 601-650/1000
  🔄 처리 중: 651-700/1000
  🔄 처리 중: 701-750/1000
  🔄 처리 중: 751-800/1000
  🔄 처리 중: 801-850/1000
  🔄 처리 중: 851-900/1000
  🔄 처리 중: 901-950/1000
  🔄 처리 중: 951-1000/1000
  ✅ 완료: 성공 1000개, 실패 0개

============================================================
🎉 마이그레이션 완료!
============================================================
📊 최종 결과:
  - 처리한 파일: 61개
  - 성공: 60999개 기업
  - 실패: 1개
============================================================

🔍 데이터베이스 검증 중...
✅ Companies: 1131개
✅ Financial Data: 131674개
